# JRE version: Java(TM) SE Runtime Environment (8.0_77-b03) (build 1.8.0_77-b03)
# Java VM: Java HotSpot(TM) 64-Bit Server VM (25.77-b03 mixed mode linux-amd64 compressed oops)
Heap:
 PSYoungGen      total 266752K, used 14329K [0x00000000d7180000, 0x00000000e8580000, 0x0000000100000000)
  eden space 252416K, 0% used [0x00000000d7180000,0x00000000d7180000,0x00000000e6800000)
  from space 14336K, 99% used [0x00000000e6800000,0x00000000e75fe7e0,0x00000000e7600000)
  to   space 12800K, 0% used [0x00000000e7600000,0x00000000e7600000,0x00000000e8280000)
 ParOldGen       total 64512K, used 33239K [0x0000000085400000, 0x0000000089300000, 0x00000000d7180000)
  object space 64512K, 51% used [0x0000000085400000,0x0000000087475df8,0x0000000089300000)
 Metaspace       used 23121K, capacity 23912K, committed 24192K, reserved 1071104K
  class space    used 2660K, capacity 2838K, committed 2944K, reserved 1048576K
GC Heap History (10 events):
Event: 17,057 GC heap after
Heap after GC invocations=3 (full 0):
 PSYoungGen      total 68608K, used 5104K [0x00000000d7180000, 0x00000000df780000, 0x0000000100000000)
  eden space 63488K, 0% used [0x00000000d7180000,0x00000000d7180000,0x00000000daf80000)
  from space 5120K, 99% used [0x00000000daf80000,0x00000000db47c010,0x00000000db480000)
  to   space 5120K, 0% used [0x00000000df280000,0x00000000df280000,0x00000000df780000)
 ParOldGen       total 84992K, used 3811K [0x0000000085400000, 0x000000008a700000, 0x00000000d7180000)
  object space 84992K, 4% used [0x0000000085400000,0x00000000857b8ff0,0x000000008a700000)
 Metaspace       used 13499K, capacity 13902K, committed 14080K, reserved 1060864K
  class space    used 1632K, capacity 1767K, committed 1792K, reserved 1048576K
}
Event: 33,383 GC heap before
{Heap before GC invocations=4 (full 0):
 PSYoungGen      total 68608K, used 68592K [0x00000000d7180000, 0x00000000df780000, 0x0000000100000000)
  eden space 63488K, 100% used [0x00000000d7180000,0x00000000daf80000,0x00000000daf80000)
  from space 5120K, 99% used [0x00000000daf80000,0x00000000db47c010,0x00000000db480000)
  to   space 5120K, 0% used [0x00000000df280000,0x00000000df280000,0x00000000df780000)
 ParOldGen       total 84992K, used 3811K [0x0000000085400000, 0x000000008a700000, 0x00000000d7180000)
  object space 84992K, 4% used [0x0000000085400000,0x00000000857b8ff0,0x000000008a700000)
 Metaspace       used 14009K, capacity 14438K, committed 14592K, reserved 1062912K
  class space    used 1649K, capacity 1771K, committed 1792K, reserved 1048576K
Event: 33,437 GC heap after
Heap after GC invocations=4 (full 0):
 PSYoungGen      total 132096K, used 5120K [0x00000000d7180000, 0x00000000df780000, 0x0000000100000000)
  eden space 126976K, 0% used [0x00000000d7180000,0x00000000d7180000,0x00000000ded80000)
  from space 5120K, 100% used [0x00000000df280000,0x00000000df780000,0x00000000df780000)
  to   space 5120K, 0% used [0x00000000ded80000,0x00000000ded80000,0x00000000df280000)
 ParOldGen       total 84992K, used 6549K [0x0000000085400000, 0x000000008a700000, 0x00000000d7180000)
  object space 84992K, 7% used [0x0000000085400000,0x0000000085a65748,0x000000008a700000)
 Metaspace       used 14009K, capacity 14438K, committed 14592K, reserved 1062912K
  class space    used 1649K, capacity 1771K, committed 1792K, reserved 1048576K
}
Event: 73,727 GC heap before
{Heap before GC invocations=5 (full 0):
 PSYoungGen      total 132096K, used 132096K [0x00000000d7180000, 0x00000000df780000, 0x0000000100000000)
  eden space 126976K, 100% used [0x00000000d7180000,0x00000000ded80000,0x00000000ded80000)
  from space 5120K, 100% used [0x00000000df280000,0x00000000df780000,0x00000000df780000)
  to   space 5120K, 0% used [0x00000000ded80000,0x00000000ded80000,0x00000000df280000)
 ParOldGen       total 84992K, used 6549K [0x0000000085400000, 0x000000008a700000, 0x00000000d7180000)
  object space 84992K, 7% used [0x0000000085400000,0x0000000085a65748,0x000000008a700000)
 Metaspace       used 17808K, capacity 18456K, committed 18688K, reserved 1064960K
  class space    used 2080K, capacity 2260K, committed 2304K, reserved 1048576K
Event: 73,759 GC heap after
Heap after GC invocations=5 (full 0):
 PSYoungGen      total 132096K, used 5104K [0x00000000d7180000, 0x00000000e8280000, 0x0000000100000000)
  eden space 126976K, 0% used [0x00000000d7180000,0x00000000d7180000,0x00000000ded80000)
  from space 5120K, 99% used [0x00000000ded80000,0x00000000df27c010,0x00000000df280000)
  to   space 12800K, 0% used [0x00000000e7600000,0x00000000e7600000,0x00000000e8280000)
 ParOldGen       total 84992K, used 13819K [0x0000000085400000, 0x000000008a700000, 0x00000000d7180000)
  object space 84992K, 16% used [0x0000000085400000,0x000000008617ed08,0x000000008a700000)
 Metaspace       used 17808K, capacity 18456K, committed 18688K, reserved 1064960K
  class space    used 2080K, capacity 2260K, committed 2304K, reserved 1048576K
}
Event: 74,674 GC heap before
{Heap before GC invocations=6 (full 0):
 PSYoungGen      total 132096K, used 57835K [0x00000000d7180000, 0x00000000e8280000, 0x0000000100000000)
  eden space 126976K, 41% used [0x00000000d7180000,0x00000000da4fed50,0x00000000ded80000)
  from space 5120K, 99% used [0x00000000ded80000,0x00000000df27c010,0x00000000df280000)
  to   space 12800K, 0% used [0x00000000e7600000,0x00000000e7600000,0x00000000e8280000)
 ParOldGen       total 84992K, used 13819K [0x0000000085400000, 0x000000008a700000, 0x00000000d7180000)
  object space 84992K, 16% used [0x0000000085400000,0x000000008617ed08,0x000000008a700000)
 Metaspace       used 20534K, capacity 21144K, committed 21296K, reserved 1069056K
  class space    used 2441K, capacity 2644K, committed 2688K, reserved 1048576K
Event: 74,717 GC heap after
Heap after GC invocations=6 (full 0):
 PSYoungGen      total 265216K, used 11225K [0x00000000d7180000, 0x00000000e8580000, 0x0000000100000000)
  eden space 252416K, 0% used [0x00000000d7180000,0x00000000d7180000,0x00000000e6800000)
  from space 12800K, 87% used [0x00000000e7600000,0x00000000e80f64d8,0x00000000e8280000)
  to   space 14336K, 0% used [0x00000000e6800000,0x00000000e6800000,0x00000000e7600000)
 ParOldGen       total 84992K, used 13827K [0x0000000085400000, 0x000000008a700000, 0x00000000d7180000)
  object space 84992K, 16% used [0x0000000085400000,0x0000000086180d08,0x000000008a700000)
 Metaspace       used 20534K, capacity 21144K, committed 21296K, reserved 1069056K
  class space    used 2441K, capacity 2644K, committed 2688K, reserved 1048576K
}
Event: 74,717 GC heap before
{Heap before GC invocations=7 (full 1):
 PSYoungGen      total 265216K, used 11225K [0x00000000d7180000, 0x00000000e8580000, 0x0000000100000000)
  eden space 252416K, 0% used [0x00000000d7180000,0x00000000d7180000,0x00000000e6800000)
  from space 12800K, 87% used [0x00000000e7600000,0x00000000e80f64d8,0x00000000e8280000)
  to   space 14336K, 0% used [0x00000000e6800000,0x00000000e6800000,0x00000000e7600000)
 ParOldGen       total 84992K, used 13827K [0x0000000085400000, 0x000000008a700000, 0x00000000d7180000)
  object space 84992K, 16% used [0x0000000085400000,0x0000000086180d08,0x000000008a700000)
 Metaspace       used 20534K, capacity 21144K, committed 21296K, reserved 1069056K
  class space    used 2441K, capacity 2644K, committed 2688K, reserved 1048576K
Event: 74,854 GC heap after
Heap after GC invocations=7 (full 1):
 PSYoungGen      total 265216K, used 0K [0x00000000d7180000, 0x00000000e8580000, 0x0000000100000000)
  eden space 252416K, 0% used [0x00000000d7180000,0x00000000d7180000,0x00000000e6800000)
  from space 12800K, 0% used [0x00000000e7600000,0x00000000e7600000,0x00000000e8280000)
  to   space 14336K, 0% used [0x00000000e6800000,0x00000000e6800000,0x00000000e7600000)
 ParOldGen       total 64512K, used 22220K [0x0000000085400000, 0x0000000089300000, 0x00000000d7180000)
  object space 64512K, 34% used [0x0000000085400000,0x00000000869b30c0,0x0000000089300000)
 Metaspace       used 20534K, capacity 21144K, committed 21296K, reserved 1069056K
  class space    used 2441K, capacity 2644K, committed 2688K, reserved 1048576K
}
Event: 86,764 GC heap before
{Heap before GC invocations=8 (full 1):
 PSYoungGen      total 265216K, used 252416K [0x00000000d7180000, 0x00000000e8580000, 0x0000000100000000)
  eden space 252416K, 100% used [0x00000000d7180000,0x00000000e6800000,0x00000000e6800000)
  from space 12800K, 0% used [0x00000000e7600000,0x00000000e7600000,0x00000000e8280000)
  to   space 14336K, 0% used [0x00000000e6800000,0x00000000e6800000,0x00000000e7600000)
 ParOldGen       total 64512K, used 22220K [0x0000000085400000, 0x0000000089300000, 0x00000000d7180000)
  object space 64512K, 34% used [0x0000000085400000,0x00000000869b30c0,0x0000000089300000)
 Metaspace       used 23121K, capacity 23912K, committed 24192K, reserved 1071104K
  class space    used 2660K, capacity 2838K, committed 2944K, reserved 1048576K

